[0.012s] Invoking command in '/home/bambinojr/dev_ws/build/my_package': CMAKE_PREFIX_PATH=${CMAKE_PREFIX_PATH}:/opt/ros/foxy /usr/bin/cmake --build /home/bambinojr/dev_ws/build/my_package -- -j4 -l4
[0.045s] Invoked command in '/home/bambinojr/dev_ws/build/my_package' returned '0': CMAKE_PREFIX_PATH=${CMAKE_PREFIX_PATH}:/opt/ros/foxy /usr/bin/cmake --build /home/bambinojr/dev_ws/build/my_package -- -j4 -l4
[0.057s] Invoking command in '/home/bambinojr/dev_ws/build/my_package': CMAKE_PREFIX_PATH=${CMAKE_PREFIX_PATH}:/opt/ros/foxy /usr/bin/cmake --install /home/bambinojr/dev_ws/build/my_package
[0.063s] -- Install configuration: ""
[0.064s] -- Execute custom install script
[0.064s] -- Up-to-date symlink: /home/bambinojr/dev_ws/install/my_package/share/my_package/launch/listener.launch.py
[0.064s] -- Up-to-date symlink: /home/bambinojr/dev_ws/install/my_package/share/my_package/launch/talker.launch.py
[0.065s] -- Up-to-date symlink: /home/bambinojr/dev_ws/install/my_package/share/ament_index/resource_index/package_run_dependencies/my_package
[0.065s] -- Up-to-date symlink: /home/bambinojr/dev_ws/install/my_package/share/ament_index/resource_index/parent_prefix_path/my_package
[0.065s] -- Up-to-date symlink: /home/bambinojr/dev_ws/install/my_package/share/my_package/environment/ament_prefix_path.sh
[0.065s] -- Up-to-date symlink: /home/bambinojr/dev_ws/install/my_package/share/my_package/environment/ament_prefix_path.dsv
[0.065s] -- Up-to-date symlink: /home/bambinojr/dev_ws/install/my_package/share/my_package/environment/path.sh
[0.065s] -- Up-to-date symlink: /home/bambinojr/dev_ws/install/my_package/share/my_package/environment/path.dsv
[0.065s] -- Up-to-date symlink: /home/bambinojr/dev_ws/install/my_package/share/my_package/local_setup.bash
[0.066s] -- Up-to-date symlink: /home/bambinojr/dev_ws/install/my_package/share/my_package/local_setup.sh
[0.066s] -- Up-to-date symlink: /home/bambinojr/dev_ws/install/my_package/share/my_package/local_setup.zsh
[0.066s] -- Up-to-date symlink: /home/bambinojr/dev_ws/install/my_package/share/my_package/local_setup.dsv
[0.066s] -- Symlinking: /home/bambinojr/dev_ws/install/my_package/share/my_package/package.dsv
[0.074s] -- Up-to-date symlink: /home/bambinojr/dev_ws/install/my_package/share/ament_index/resource_index/packages/my_package
[0.074s] -- Up-to-date symlink: /home/bambinojr/dev_ws/install/my_package/share/my_package/cmake/my_packageConfig.cmake
[0.074s] -- Up-to-date symlink: /home/bambinojr/dev_ws/install/my_package/share/my_package/cmake/my_packageConfig-version.cmake
[0.074s] -- Up-to-date symlink: /home/bambinojr/dev_ws/install/my_package/share/my_package/package.xml
[0.076s] Invoked command in '/home/bambinojr/dev_ws/build/my_package' returned '0': CMAKE_PREFIX_PATH=${CMAKE_PREFIX_PATH}:/opt/ros/foxy /usr/bin/cmake --install /home/bambinojr/dev_ws/build/my_package
