[0.011s] Invoking command in '/home/bambinojr/dev_ws/build/my_package': CMAKE_PREFIX_PATH=${CMAKE_PREFIX_PATH}:/opt/ros/foxy /usr/bin/cmake --build /home/bambinojr/dev_ws/build/my_package -- -j4 -l4
[0.030s] -- Found ament_cmake: 0.9.12 (/opt/ros/foxy/share/ament_cmake/cmake)
[0.046s] -- Using PYTHON_EXECUTABLE: /usr/bin/python3
[0.160s] -- Override CMake install command with custom implementation using symlinks instead of copying resources
[0.165s] -- Found ament_lint_auto: 0.9.8 (/opt/ros/foxy/share/ament_lint_auto/cmake)
[0.207s] -- Added test 'copyright' to check source files copyright and LICENSE
[0.209s] -- Added test 'flake8' to check Python code syntax and style conventions
[0.209s] -- Added test 'lint_cmake' to check CMake code style
[0.209s] -- Added test 'pep257' to check Python code against some of the style conventions in PEP 257
[0.210s] -- Added test 'xmllint' to check XML markup files
[0.212s] -- Configuring done
[0.213s] -- Generating done
[0.215s] -- Build files have been written to: /home/bambinojr/dev_ws/build/my_package
[0.232s] Invoked command in '/home/bambinojr/dev_ws/build/my_package' returned '0': CMAKE_PREFIX_PATH=${CMAKE_PREFIX_PATH}:/opt/ros/foxy /usr/bin/cmake --build /home/bambinojr/dev_ws/build/my_package -- -j4 -l4
[0.243s] Invoking command in '/home/bambinojr/dev_ws/build/my_package': CMAKE_PREFIX_PATH=${CMAKE_PREFIX_PATH}:/opt/ros/foxy /usr/bin/cmake --install /home/bambinojr/dev_ws/build/my_package
[0.248s] -- Install configuration: ""
[0.248s] -- Execute custom install script
[0.249s] -- Up-to-date symlink: /home/bambinojr/dev_ws/install/my_package/share/my_package/launch/listener.launch.py
[0.249s] -- Up-to-date symlink: /home/bambinojr/dev_ws/install/my_package/share/my_package/launch/talker.launch.py
[0.249s] -- Up-to-date symlink: /home/bambinojr/dev_ws/install/my_package/share/ament_index/resource_index/package_run_dependencies/my_package
[0.249s] -- Up-to-date symlink: /home/bambinojr/dev_ws/install/my_package/share/ament_index/resource_index/parent_prefix_path/my_package
[0.250s] -- Up-to-date symlink: /home/bambinojr/dev_ws/install/my_package/share/my_package/environment/ament_prefix_path.sh
[0.250s] -- Up-to-date symlink: /home/bambinojr/dev_ws/install/my_package/share/my_package/environment/ament_prefix_path.dsv
[0.250s] -- Up-to-date symlink: /home/bambinojr/dev_ws/install/my_package/share/my_package/environment/path.sh
[0.250s] -- Up-to-date symlink: /home/bambinojr/dev_ws/install/my_package/share/my_package/environment/path.dsv
[0.250s] -- Up-to-date symlink: /home/bambinojr/dev_ws/install/my_package/share/my_package/local_setup.bash
[0.251s] -- Up-to-date symlink: /home/bambinojr/dev_ws/install/my_package/share/my_package/local_setup.sh
[0.251s] -- Up-to-date symlink: /home/bambinojr/dev_ws/install/my_package/share/my_package/local_setup.zsh
[0.251s] -- Up-to-date symlink: /home/bambinojr/dev_ws/install/my_package/share/my_package/local_setup.dsv
[0.251s] -- Symlinking: /home/bambinojr/dev_ws/install/my_package/share/my_package/package.dsv
[0.258s] -- Up-to-date symlink: /home/bambinojr/dev_ws/install/my_package/share/ament_index/resource_index/packages/my_package
[0.258s] -- Up-to-date symlink: /home/bambinojr/dev_ws/install/my_package/share/my_package/cmake/my_packageConfig.cmake
[0.258s] -- Up-to-date symlink: /home/bambinojr/dev_ws/install/my_package/share/my_package/cmake/my_packageConfig-version.cmake
[0.258s] -- Up-to-date symlink: /home/bambinojr/dev_ws/install/my_package/share/my_package/package.xml
[0.260s] Invoked command in '/home/bambinojr/dev_ws/build/my_package' returned '0': CMAKE_PREFIX_PATH=${CMAKE_PREFIX_PATH}:/opt/ros/foxy /usr/bin/cmake --install /home/bambinojr/dev_ws/build/my_package
